<?xml version="1.0" encoding="UTF-8"?>
<testng-results ignored="0" total="1" passed="1" failed="0" skipped="0">
  <reporter-output>
  </reporter-output>
  <suite started-at="2023-07-08T11:56:02 EDT" name="Default suite" finished-at="2023-07-08T11:57:00 EDT" duration-ms="58184">
    <groups>
    </groups>
    <test started-at="2023-07-08T11:56:02 EDT" name="Default test" finished-at="2023-07-08T11:57:00 EDT" duration-ms="58184">
      <class name="com.it.bd.tests.LoginTest">
        <test-method is-config="true" signature="start()[pri:0, instance:com.it.bd.tests.LoginTest@47e2e487]" started-at="2023-07-08T11:56:00 EDT" name="start" finished-at="2023-07-08T11:56:02 EDT" duration-ms="1683" status="PASS">
          <reporter-output>
          </reporter-output>
        </test-method> <!-- start -->
        <test-method is-config="true" signature="openUrl()[pri:0, instance:com.it.bd.tests.LoginTest@47e2e487]" started-at="2023-07-08T11:56:02 EDT" name="openUrl" finished-at="2023-07-08T11:56:45 EDT" duration-ms="42901" status="PASS">
          <reporter-output>
          </reporter-output>
        </test-method> <!-- openUrl -->
        <test-method signature="loginTest()[pri:0, instance:com.it.bd.tests.LoginTest@47e2e487]" started-at="2023-07-08T11:56:45 EDT" name="loginTest" finished-at="2023-07-08T11:57:00 EDT" duration-ms="14905" status="PASS">
          <reporter-output>
          </reporter-output>
        </test-method> <!-- loginTest -->
        <test-method is-config="true" signature="afterClass()[pri:0, instance:com.it.bd.tests.LoginTest@47e2e487]" started-at="2023-07-08T11:57:00 EDT" name="afterClass" finished-at="2023-07-08T11:57:00 EDT" duration-ms="349" status="PASS">
          <reporter-output>
          </reporter-output>
        </test-method> <!-- afterClass -->
        <test-method is-config="true" signature="close()[pri:0, instance:com.it.bd.tests.LoginTest@47e2e487]" started-at="2023-07-08T11:57:00 EDT" name="close" finished-at="2023-07-08T11:57:00 EDT" duration-ms="185" status="PASS">
          <reporter-output>
          </reporter-output>
        </test-method> <!-- close -->
      </class> <!-- com.it.bd.tests.LoginTest -->
    </test> <!-- Default test -->
  </suite> <!-- Default suite -->
</testng-results>
