<?xml version="1.0" encoding="UTF-8"?>
<testng-results ignored="0" total="2" passed="2" failed="0" skipped="0">
  <reporter-output>
  </reporter-output>
  <suite started-at="2023-06-25T13:13:47 EDT" name="Automaiton" finished-at="2023-06-25T13:14:31 EDT" duration-ms="44119">
    <groups>
    </groups>
    <test started-at="2023-06-25T13:13:47 EDT" name="LoginTest" finished-at="2023-06-25T13:14:26 EDT" duration-ms="39064">
      <class name="com.it.bd.tests.LoginTest">
        <test-method is-config="true" signature="openUrl()[pri:0, instance:com.it.bd.tests.LoginTest@3cebbb30]" started-at="2023-06-25T13:13:47 EDT" name="openUrl" finished-at="2023-06-25T13:14:12 EDT" duration-ms="24628" status="PASS">
          <reporter-output>
          </reporter-output>
        </test-method> <!-- openUrl -->
        <test-method signature="loginTest()[pri:0, instance:com.it.bd.tests.LoginTest@3cebbb30]" started-at="2023-06-25T13:14:12 EDT" name="loginTest" finished-at="2023-06-25T13:14:26 EDT" duration-ms="14415" status="PASS">
          <reporter-output>
          </reporter-output>
        </test-method> <!-- loginTest -->
      </class> <!-- com.it.bd.tests.LoginTest -->
    </test> <!-- LoginTest -->
    <test started-at="2023-06-25T13:14:26 EDT" name="DashBoradTest" finished-at="2023-06-25T13:14:31 EDT" duration-ms="5042">
      <class name="com.it.bd.tests.DashboradTest">
        <test-method is-config="true" signature="start()[pri:0, instance:com.it.bd.tests.DashboradTest@6221a451]" started-at="2023-06-25T13:13:46 EDT" name="start" finished-at="2023-06-25T13:13:47 EDT" duration-ms="1572" status="PASS">
          <reporter-output>
          </reporter-output>
        </test-method> <!-- start -->
        <test-method signature="dashBoardTest()[pri:0, instance:com.it.bd.tests.DashboradTest@6221a451]" started-at="2023-06-25T13:14:26 EDT" name="dashBoardTest" finished-at="2023-06-25T13:14:31 EDT" duration-ms="5041" status="PASS">
          <reporter-output>
          </reporter-output>
        </test-method> <!-- dashBoardTest -->
        <test-method is-config="true" signature="close()[pri:0, instance:com.it.bd.tests.DashboradTest@6221a451]" started-at="2023-06-25T13:14:31 EDT" name="close" finished-at="2023-06-25T13:14:31 EDT" duration-ms="185" status="PASS">
          <reporter-output>
          </reporter-output>
        </test-method> <!-- close -->
      </class> <!-- com.it.bd.tests.DashboradTest -->
    </test> <!-- DashBoradTest -->
  </suite> <!-- Automaiton -->
</testng-results>
